<?xml version="1.0" encoding="UTF-8"?>
<!-- Generated by org.testng.reporters.JUnitXMLReporter -->
<testsuite ignored="14" hostname="LAPTOP-PAK1TUC" failures="0" tests="5" name="Regression" time="86.512" errors="0" timestamp="2023-11-05T22:18:31 ICT">
  <testcase classname="com.mystore.testcases.AddressPageTest" name="ChangeAddressTest2" time="18.197"/>
  <testcase classname="com.mystore.testcases.OrderPageTest" name="verifyTotalPrice2" time="13.953"/>
  <testcase classname="com.mystore.testcases.AddToCartPageTest" name="addToCartTest2" time="9.369"/>
  <testcase classname="com.mystore.testcases.PaymentPageTest" name="PaymentTest" time="14.292"/>
  <testcase classname="com.mystore.testcases.EndToEndTest2" name="EndToEndTest" time="14.232"/>
  <testcase classname="com.mystore.base.BaseClass" name="@BeforeSuite loadConfig" time="0.0">
    <ignored/>
  </testcase> <!-- @BeforeSuite loadConfig -->
  <testcase classname="com.mystore.base.BaseClass" name="@BeforeSuite loadConfig" time="0.0">
    <ignored/>
  </testcase> <!-- @BeforeSuite loadConfig -->
  <testcase classname="com.mystore.base.BaseClass" name="@BeforeSuite loadConfig" time="0.0">
    <ignored/>
  </testcase> <!-- @BeforeSuite loadConfig -->
  <testcase classname="com.mystore.base.BaseClass" name="@BeforeSuite loadConfig" time="0.0">
    <ignored/>
  </testcase> <!-- @BeforeSuite loadConfig -->
  <testcase classname="com.mystore.base.BaseClass" name="@BeforeSuite loadConfig" time="0.0">
    <ignored/>
  </testcase> <!-- @BeforeSuite loadConfig -->
  <testcase classname="com.mystore.base.BaseClass" name="@BeforeSuite loadConfig" time="0.0">
    <ignored/>
  </testcase> <!-- @BeforeSuite loadConfig -->
  <testcase classname="com.mystore.base.BaseClass" name="@BeforeSuite loadConfig" time="0.0">
    <ignored/>
  </testcase> <!-- @BeforeSuite loadConfig -->
  <testcase classname="com.mystore.base.BaseClass" name="@BeforeSuite loadConfig" time="0.0">
    <ignored/>
  </testcase> <!-- @BeforeSuite loadConfig -->
  <testcase classname="com.mystore.base.BaseClass" name="@BeforeSuite loadConfig" time="0.0">
    <ignored/>
  </testcase> <!-- @BeforeSuite loadConfig -->
  <testcase classname="com.mystore.testcases.LoginPageTest" name="loginTest" time="0.0">
    <ignored/>
  </testcase> <!-- loginTest -->
  <testcase classname="com.mystore.testcases.HomePageTest" name="verifyUserName" time="0.0">
    <ignored/>
  </testcase> <!-- verifyUserName -->
  <testcase classname="com.mystore.testcases.SignUpPageTest" name="signUpTest" time="0.0">
    <ignored/>
  </testcase> <!-- signUpTest -->
  <testcase classname="com.mystore.testcases.IndexPageTest" name="verifyLogo" time="0.0">
    <ignored/>
  </testcase> <!-- verifyLogo -->
  <testcase classname="com.mystore.testcases.SearchResultPageTest" name="productAvialabilityTest" time="0.0">
    <ignored/>
  </testcase> <!-- productAvialabilityTest -->
</testsuite> <!-- Regression -->
