<?xml version="1.0" encoding="UTF-8"?>
<!-- Generated by org.testng.reporters.JUnitXMLReporter -->
<testsuite ignored="24" hostname="LAPTOP-PAK1TUC" failures="0" tests="4" name="Smoke" time="20.858" errors="0" timestamp="2023-11-04T22:36:26 ICT">
  <testcase classname="com.mystore.testcases.LoginPageTest" name="loginTest" time="3.243"/>
  <testcase classname="com.mystore.testcases.IndexPageTest" name="verifyLogo" time="0.184"/>
  <testcase classname="com.mystore.testcases.SearchResultPageTest" name="productAvialabilityTest" time="2.782"/>
  <testcase classname="com.mystore.testcases.HomePageTest" name="verifyUserName" time="3.408"/>
  <testcase classname="com.mystore.base.BaseClass" name="@BeforeTest loadConfig" time="0.0">
    <ignored/>
  </testcase> <!-- @BeforeTest loadConfig -->
  <testcase classname="com.mystore.base.BaseClass" name="@BeforeTest loadConfig" time="0.0">
    <ignored/>
  </testcase> <!-- @BeforeTest loadConfig -->
  <testcase classname="com.mystore.base.BaseClass" name="@BeforeTest loadConfig" time="0.0">
    <ignored/>
  </testcase> <!-- @BeforeTest loadConfig -->
  <testcase classname="com.mystore.base.BaseClass" name="@BeforeTest loadConfig" time="0.0">
    <ignored/>
  </testcase> <!-- @BeforeTest loadConfig -->
  <testcase classname="com.mystore.base.BaseClass" name="@BeforeTest loadConfig" time="0.0">
    <ignored/>
  </testcase> <!-- @BeforeTest loadConfig -->
  <testcase classname="com.mystore.base.BaseClass" name="@BeforeTest loadConfig" time="0.0">
    <ignored/>
  </testcase> <!-- @BeforeTest loadConfig -->
  <testcase classname="com.mystore.base.BaseClass" name="@BeforeTest loadConfig" time="0.0">
    <ignored/>
  </testcase> <!-- @BeforeTest loadConfig -->
  <testcase classname="com.mystore.base.BaseClass" name="@BeforeTest loadConfig" time="0.0">
    <ignored/>
  </testcase> <!-- @BeforeTest loadConfig -->
  <testcase classname="com.mystore.base.BaseClass" name="@BeforeTest loadConfig" time="0.0">
    <ignored/>
  </testcase> <!-- @BeforeTest loadConfig -->
  <testcase classname="com.mystore.testcases.EndToEndTest2" name="EndToEndTest2" time="0.0">
    <ignored/>
  </testcase> <!-- EndToEndTest2 -->
  <testcase classname="com.mystore.testcases.SignUpPageTest" name="signUpTest" time="0.0">
    <ignored/>
  </testcase> <!-- signUpTest -->
  <testcase classname="com.mystore.testcases.AddToCartPageTest" name="addToCartTest2" time="0.0">
    <ignored/>
  </testcase> <!-- addToCartTest2 -->
  <testcase classname="com.mystore.base.BaseClass" name="@BeforeSuite beforeSuite" time="0.0">
    <ignored/>
  </testcase> <!-- @BeforeSuite beforeSuite -->
  <testcase classname="com.mystore.base.BaseClass" name="@BeforeSuite beforeSuite" time="0.0">
    <ignored/>
  </testcase> <!-- @BeforeSuite beforeSuite -->
  <testcase classname="com.mystore.base.BaseClass" name="@BeforeSuite beforeSuite" time="0.0">
    <ignored/>
  </testcase> <!-- @BeforeSuite beforeSuite -->
  <testcase classname="com.mystore.base.BaseClass" name="@BeforeSuite beforeSuite" time="0.0">
    <ignored/>
  </testcase> <!-- @BeforeSuite beforeSuite -->
  <testcase classname="com.mystore.base.BaseClass" name="@BeforeSuite beforeSuite" time="0.0">
    <ignored/>
  </testcase> <!-- @BeforeSuite beforeSuite -->
  <testcase classname="com.mystore.base.BaseClass" name="@BeforeSuite beforeSuite" time="0.0">
    <ignored/>
  </testcase> <!-- @BeforeSuite beforeSuite -->
  <testcase classname="com.mystore.base.BaseClass" name="@BeforeSuite beforeSuite" time="0.0">
    <ignored/>
  </testcase> <!-- @BeforeSuite beforeSuite -->
  <testcase classname="com.mystore.base.BaseClass" name="@BeforeSuite beforeSuite" time="0.0">
    <ignored/>
  </testcase> <!-- @BeforeSuite beforeSuite -->
  <testcase classname="com.mystore.base.BaseClass" name="@BeforeSuite beforeSuite" time="0.0">
    <ignored/>
  </testcase> <!-- @BeforeSuite beforeSuite -->
  <testcase classname="com.mystore.testcases.OrderPageTest" name="verifyTotalPrice2" time="0.0">
    <ignored/>
  </testcase> <!-- verifyTotalPrice2 -->
  <testcase classname="com.mystore.testcases.PaymentPageTest" name="addToCartTest2" time="0.0">
    <ignored/>
  </testcase> <!-- addToCartTest2 -->
  <testcase classname="com.mystore.testcases.AddressPageTest" name="ChangeAddressTest2" time="0.0">
    <ignored/>
  </testcase> <!-- ChangeAddressTest2 -->
</testsuite> <!-- Smoke -->
