<?xml version="1.0" encoding="UTF-8"?>
<!-- Generated by org.testng.reporters.JUnitXMLReporter -->
<testsuite ignored="18" hostname="LAPTOP-PAK1TUC" failures="0" tests="13" name="Test_All" time="146.939" errors="0" timestamp="2023-11-06T21:22:22 ICT">
  <testcase classname="com.mystore.testcases.LoginPageTest" name="loginTest" time="3.594"/>
  <testcase classname="com.mystore.testcases.SignUpPageTest" name="signUpTest" time="3.021"/>
  <testcase classname="com.mystore.testcases.SignUpPageTest" name="signUpTest" time="3.074"/>
  <testcase classname="com.mystore.testcases.SignUpPageTest" name="signUpTest" time="3.119"/>
  <testcase classname="com.mystore.testcases.IndexPageTest" name="verifyLogo" time="0.183"/>
  <testcase classname="com.mystore.testcases.SearchResultPageTest" name="productAvialabilityTest" time="2.861"/>
  <testcase classname="com.mystore.testcases.AddressPageTest" name="ChangeAddressTest2" time="18.401"/>
  <testcase classname="com.mystore.testcases.HomePageTest" name="verifyUserName" time="3.378"/>
  <testcase classname="com.mystore.testcases.OrderPageTest" name="verifyTotalPrice2" time="13.832"/>
  <testcase classname="com.mystore.testcases.AddToCartPageTest" name="addToCartTest1" time="12.444"/>
  <testcase classname="com.mystore.testcases.AddToCartPageTest" name="addToCartTest2" time="9.53"/>
  <testcase classname="com.mystore.testcases.PaymentPageTest" name="PaymentTest" time="14.274"/>
  <testcase classname="com.mystore.testcases.EndToEndTest2" name="EndToEndTest" time="14.119"/>
  <testcase classname="com.mystore.base.BaseClass" name="@BeforeSuite loadConfig" time="0.0">
    <ignored/>
  </testcase> <!-- @BeforeSuite loadConfig -->
  <testcase classname="com.mystore.base.BaseClass" name="@BeforeSuite loadConfig" time="0.0">
    <ignored/>
  </testcase> <!-- @BeforeSuite loadConfig -->
  <testcase classname="com.mystore.base.BaseClass" name="@BeforeSuite loadConfig" time="0.0">
    <ignored/>
  </testcase> <!-- @BeforeSuite loadConfig -->
  <testcase classname="com.mystore.base.BaseClass" name="@BeforeSuite loadConfig" time="0.0">
    <ignored/>
  </testcase> <!-- @BeforeSuite loadConfig -->
  <testcase classname="com.mystore.base.BaseClass" name="@BeforeSuite loadConfig" time="0.0">
    <ignored/>
  </testcase> <!-- @BeforeSuite loadConfig -->
  <testcase classname="com.mystore.base.BaseClass" name="@BeforeSuite loadConfig" time="0.0">
    <ignored/>
  </testcase> <!-- @BeforeSuite loadConfig -->
  <testcase classname="com.mystore.base.BaseClass" name="@BeforeSuite loadConfig" time="0.0">
    <ignored/>
  </testcase> <!-- @BeforeSuite loadConfig -->
  <testcase classname="com.mystore.base.BaseClass" name="@BeforeSuite loadConfig" time="0.0">
    <ignored/>
  </testcase> <!-- @BeforeSuite loadConfig -->
  <testcase classname="com.mystore.base.BaseClass" name="@BeforeSuite loadConfig" time="0.0">
    <ignored/>
  </testcase> <!-- @BeforeSuite loadConfig -->
  <testcase classname="com.mystore.base.BaseClass" name="@AfterSuite afterSuite" time="0.0">
    <ignored/>
  </testcase> <!-- @AfterSuite afterSuite -->
  <testcase classname="com.mystore.base.BaseClass" name="@AfterSuite afterSuite" time="0.0">
    <ignored/>
  </testcase> <!-- @AfterSuite afterSuite -->
  <testcase classname="com.mystore.base.BaseClass" name="@AfterSuite afterSuite" time="0.0">
    <ignored/>
  </testcase> <!-- @AfterSuite afterSuite -->
  <testcase classname="com.mystore.base.BaseClass" name="@AfterSuite afterSuite" time="0.0">
    <ignored/>
  </testcase> <!-- @AfterSuite afterSuite -->
  <testcase classname="com.mystore.base.BaseClass" name="@AfterSuite afterSuite" time="0.0">
    <ignored/>
  </testcase> <!-- @AfterSuite afterSuite -->
  <testcase classname="com.mystore.base.BaseClass" name="@AfterSuite afterSuite" time="0.0">
    <ignored/>
  </testcase> <!-- @AfterSuite afterSuite -->
  <testcase classname="com.mystore.base.BaseClass" name="@AfterSuite afterSuite" time="0.0">
    <ignored/>
  </testcase> <!-- @AfterSuite afterSuite -->
  <testcase classname="com.mystore.base.BaseClass" name="@AfterSuite afterSuite" time="0.0">
    <ignored/>
  </testcase> <!-- @AfterSuite afterSuite -->
  <testcase classname="com.mystore.base.BaseClass" name="@AfterSuite afterSuite" time="0.0">
    <ignored/>
  </testcase> <!-- @AfterSuite afterSuite -->
</testsuite> <!-- Test_All -->
