<?xml version="1.0" encoding="UTF-8"?>
<!-- Generated by org.testng.reporters.JUnitXMLReporter -->
<testsuite ignored="18" hostname="LAPTOP-PAK1TUC" failures="0" tests="13" name="Test_All" time="141.428" errors="0" timestamp="2023-11-08T20:28:50 ICT">
  <testcase classname="com.mystore.testcases.LoginPageTest" name="loginTest" time="3.379"/>
  <testcase classname="com.mystore.testcases.SignUpPageTest" name="signUpTest" time="2.671"/>
  <testcase classname="com.mystore.testcases.SignUpPageTest" name="signUpTest" time="2.804"/>
  <testcase classname="com.mystore.testcases.SignUpPageTest" name="signUpTest" time="2.758"/>
  <testcase classname="com.mystore.testcases.IndexPageTest" name="verifyLogo" time="0.153"/>
  <testcase classname="com.mystore.testcases.SearchResultPageTest" name="productAvialabilityTest" time="2.745"/>
  <testcase classname="com.mystore.testcases.AddressPageTest" name="ChangeAddressTest2" time="17.977"/>
  <testcase classname="com.mystore.testcases.HomePageTest" name="verifyUserName" time="3.327"/>
  <testcase classname="com.mystore.testcases.OrderPageTest" name="verifyTotalPrice2" time="13.705"/>
  <testcase classname="com.mystore.testcases.AddToCartPageTest" name="addToCartTest1" time="12.285"/>
  <testcase classname="com.mystore.testcases.AddToCartPageTest" name="addToCartTest2" time="9.522"/>
  <testcase classname="com.mystore.testcases.PaymentPageTest" name="PaymentTest" time="14.364"/>
  <testcase classname="com.mystore.testcases.EndToEndTest2" name="EndToEndTest" time="14.246"/>
  <testcase classname="com.mystore.base.BaseClass" name="@BeforeSuite loadConfig" time="0.0">
    <ignored/>
  </testcase> <!-- @BeforeSuite loadConfig -->
  <testcase classname="com.mystore.base.BaseClass" name="@BeforeSuite loadConfig" time="0.0">
    <ignored/>
  </testcase> <!-- @BeforeSuite loadConfig -->
  <testcase classname="com.mystore.base.BaseClass" name="@BeforeSuite loadConfig" time="0.0">
    <ignored/>
  </testcase> <!-- @BeforeSuite loadConfig -->
  <testcase classname="com.mystore.base.BaseClass" name="@BeforeSuite loadConfig" time="0.0">
    <ignored/>
  </testcase> <!-- @BeforeSuite loadConfig -->
  <testcase classname="com.mystore.base.BaseClass" name="@BeforeSuite loadConfig" time="0.0">
    <ignored/>
  </testcase> <!-- @BeforeSuite loadConfig -->
  <testcase classname="com.mystore.base.BaseClass" name="@BeforeSuite loadConfig" time="0.0">
    <ignored/>
  </testcase> <!-- @BeforeSuite loadConfig -->
  <testcase classname="com.mystore.base.BaseClass" name="@BeforeSuite loadConfig" time="0.0">
    <ignored/>
  </testcase> <!-- @BeforeSuite loadConfig -->
  <testcase classname="com.mystore.base.BaseClass" name="@BeforeSuite loadConfig" time="0.0">
    <ignored/>
  </testcase> <!-- @BeforeSuite loadConfig -->
  <testcase classname="com.mystore.base.BaseClass" name="@BeforeSuite loadConfig" time="0.0">
    <ignored/>
  </testcase> <!-- @BeforeSuite loadConfig -->
  <testcase classname="com.mystore.base.BaseClass" name="@AfterSuite afterSuite" time="0.0">
    <ignored/>
  </testcase> <!-- @AfterSuite afterSuite -->
  <testcase classname="com.mystore.base.BaseClass" name="@AfterSuite afterSuite" time="0.0">
    <ignored/>
  </testcase> <!-- @AfterSuite afterSuite -->
  <testcase classname="com.mystore.base.BaseClass" name="@AfterSuite afterSuite" time="0.0">
    <ignored/>
  </testcase> <!-- @AfterSuite afterSuite -->
  <testcase classname="com.mystore.base.BaseClass" name="@AfterSuite afterSuite" time="0.0">
    <ignored/>
  </testcase> <!-- @AfterSuite afterSuite -->
  <testcase classname="com.mystore.base.BaseClass" name="@AfterSuite afterSuite" time="0.0">
    <ignored/>
  </testcase> <!-- @AfterSuite afterSuite -->
  <testcase classname="com.mystore.base.BaseClass" name="@AfterSuite afterSuite" time="0.0">
    <ignored/>
  </testcase> <!-- @AfterSuite afterSuite -->
  <testcase classname="com.mystore.base.BaseClass" name="@AfterSuite afterSuite" time="0.0">
    <ignored/>
  </testcase> <!-- @AfterSuite afterSuite -->
  <testcase classname="com.mystore.base.BaseClass" name="@AfterSuite afterSuite" time="0.0">
    <ignored/>
  </testcase> <!-- @AfterSuite afterSuite -->
  <testcase classname="com.mystore.base.BaseClass" name="@AfterSuite afterSuite" time="0.0">
    <ignored/>
  </testcase> <!-- @AfterSuite afterSuite -->
</testsuite> <!-- Test_All -->
